<?xml version="1.0" encoding="UTF-8"?>
<testng-results ignored="0" total="1" passed="1" failed="0" skipped="0">
  <reporter-output>
  </reporter-output>
  <suite started-at="2023-10-26T14:20:29 IST" name="Default suite" finished-at="2023-10-26T14:20:29 IST" duration-ms="85">
    <groups>
    </groups>
    <test started-at="2023-10-26T14:20:29 IST" name="Default test" finished-at="2023-10-26T14:20:29 IST" duration-ms="85">
      <class name="dummyProject.ReadDataFromCmdLine">
        <test-method signature="read()[pri:0, instance:dummyProject.ReadDataFromCmdLine@460d0a57]" started-at="2023-10-26T14:20:29 IST" name="read" finished-at="2023-10-26T14:20:29 IST" duration-ms="24" status="PASS">
          <reporter-output>
          </reporter-output>
        </test-method> <!-- read -->
      </class> <!-- dummyProject.ReadDataFromCmdLine -->
    </test> <!-- Default test -->
  </suite> <!-- Default suite -->
</testng-results>
